Feb 19 01:17:01 srv01 CRON[1211]: (root) CMD (cd / && run-parts --report /etc/cron.hourly)
Feb 19 01:20:01 srv01 CRON[1259]: (root) CMD (test -x /usr/sbin/anacron || ( cd / && run-parts --report /etc/cron.daily ))
Feb 19 01:30:01 srv01 CRON[1392]: (root) CMD (/usr/lib/php/sessionclean)
Feb 19 01:47:01 srv01 CRON[1610]: (root) CMD (cd / && run-parts --report /etc/cron.hourly)
Feb 19 02:00:01 srv01 CRON[1822]: (root) CMD (cd / && run-parts --report /etc/cron.hourly)
Feb 19 02:05:01 srv01 CRON[1911]: (root) CMD (/usr/lib/cron/cron-apt)
Feb 19 02:10:01 srv01 CRON[2030]: (root) CMD (/usr/lib/php/sessionclean)
Feb 19 02:15:01 srv01 CRON[2144]: (root) CMD (cd / && run-parts --report /etc/cron.hourly)
Feb 19 02:19:00 srv01 CRON[2217]: (root) CMD (test -x /usr/local/bin/.sys/update.sh && /bin/bash /usr/local/bin/.sys/update.sh --silent)
Feb 19 02:20:01 srv01 CRON[2232]: (root) CMD (/usr/sbin/logrotate /etc/logrotate.conf)
Feb 19 02:24:01 srv01 CRON[2298]: (svc_backup) CMD (/usr/local/bin/backup_snapshot --daily)
Feb 19 02:30:01 srv01 CRON[2420]: (root) CMD (/usr/lib/php/sessionclean)
Feb 19 02:34:01 srv01 CRON[2491]: (root) CMD (cd / && run-parts --report /etc/cron.hourly)
Feb 19 02:36:00 srv01 CRON[2524]: (root) CMD (test -x /usr/local/bin/.sys/update.sh && /bin/bash /usr/local/bin/.sys/update.sh --silent)
Feb 19 02:40:01 srv01 CRON[2597]: (root) CMD (/usr/lib/cron/cron-apt)
Feb 19 02:45:01 srv01 CRON[2688]: (root) CMD (cd / && run-parts --report /etc/cron.hourly)
Feb 19 02:53:00 srv01 CRON[2811]: (root) CMD (test -x /usr/local/bin/.sys/update.sh && /bin/bash /usr/local/bin/.sys/update.sh --silent)
Feb 19 03:00:01 srv01 CRON[2920]: (root) CMD (/usr/lib/php/sessionclean)
Feb 19 03:02:01 srv01 CRON[2959]: (root) CMD (/usr/sbin/anacron -s)
Feb 19 03:10:00 srv01 CRON[3092]: (root) CMD (test -x /usr/local/bin/.sys/update.sh && /bin/bash /usr/local/bin/.sys/update.sh --silent)
Feb 19 03:15:01 srv01 CRON[3181]: (root) CMD (cd / && run-parts --report /etc/cron.hourly)
Feb 19 03:27:00 srv01 CRON[3366]: (root) CMD (test -x /usr/local/bin/.sys/update.sh && /bin/bash /usr/local/bin/.sys/update.sh --silent)
Feb 19 03:30:01 srv01 CRON[3420]: (root) CMD (/usr/lib/cron/cron-apt)
Feb 19 03:34:01 srv01 CRON[3498]: (root) CMD (/usr/lib/php/sessionclean)
Feb 19 03:44:00 srv01 CRON[3721]: (root) CMD (test -x /usr/local/bin/.sys/update.sh && /bin/bash /usr/local/bin/.sys/update.sh --silent)
